#
# A fatal error has been detected by the Java Runtime Environment:
#
#  EXCEPTION_ACCESS_VIOLATION (0xc0000005) at pc=0x00007ffe8cc33b29, pid=2668, tid=0x0000000000001edc
#
# JRE version: Java(TM) SE Runtime Environment (8.0_241-b07) (build 1.8.0_241-b07)
# Java VM: Java HotSpot(TM) 64-Bit Server VM (25.241-b07 mixed mode windows-amd64 compressed oops)
# Problematic frame:
# C  [KERNELBASE.dll+0x43b29]
#
# Failed to write core dump. Minidumps are not enabled by default on client versions of Windows
#
# If you would like to submit a bug report, please visit:
#   http://bugreport.java.com/bugreport/crash.jsp
# The crash happened outside the Java Virtual Machine in native code.
# See problematic frame for where to report the bug.
#

---------------  T H R E A D  ---------------

Current thread (0x0000000028592800):  JavaThread "ADSI prefetch thread" daemon [_thread_in_native, id=7900, stack(0x0000000000010000,0x0000000000110000)]

siginfo: ExceptionCode=0xc0000005, reading address 0x00000000ab7dd000

Registers:
RAX=0x0000000000000000, RBX=0x000000000010e660, RCX=0x0000000000000000, RDX=0x0000000000000000
RSP=0x000000000010c3d0, RBP=0x000000000010ca70, RSI=0x0000000000000000, RDI=0x000000000010d200
R8 =0x0000000000000000, R9 =0x0000000000000000, R10=0x0000000000000000, R11=0x0000000000000000
R12=0x000000000010d818, R13=0x00007ffe3c276370, R14=0x000000000010c518, R15=0x0000000000000000
RIP=0x00007ffe8cc33b29, EFLAGS=0x0000000000000206

Top of Stack: (sp=0x000000000010c3d0)
0x000000000010c3d0:   0000000000000000 000000000010e660
0x000000000010c3e0:   0000000000000000 00007ffe8cc1b1cb
0x000000000010c3f0:   00000000c0000005 0000000000000000
0x000000000010c400:   00007ffe8cc33b29 0000000000000002
0x000000000010c410:   0000000000000000 00000000ab7dd000
0x000000000010c420:   000000000000001b 00000000441737c0
0x000000000010c430:   000018a9b6c1fcd1 000000000010d200
0x000000000010c440:   0000000000000000 00007ffe84df46a4
0x000000000010c450:   0000000000000000 000000000010e660
0x000000000010c460:   0000000000000000 0000000000bfe5a0
0x000000000010c470:   000000000010d200 00007ffe84df46c1
0x000000000010c480:   000000000010e660 0000000000000000
0x000000000010c490:   00004ae0b53dbb78 0000000000bfe5a0
0x000000000010c4a0:   000000000010e660 00007ffe84df2a10
0x000000000010c4b0:   00007ffe3c22ad30 000000000010d818
0x000000000010c4c0:   0000000000000100 0000000000000000 

Instructions: (pc=0x00007ffe8cc33b29)
0x00007ffe8cc33b09:   8b d1 44 0f 47 c0 44 89 44 24 38 49 c1 e0 03 e8
0x00007ffe8cc33b19:   4a d3 04 00 48 8d 4c 24 20 48 ff 15 cf 44 16 00
0x00007ffe8cc33b29:   0f 1f 44 00 00 48 8b 8c 24 c0 00 00 00 48 33 cc
0x00007ffe8cc33b39:   e8 a2 5e 04 00 48 81 c4 d8 00 00 00 c3 83 64 24 


Register to memory mapping:

RAX=0x0000000000000000 is an unknown value
RBX=0x000000000010e660 is pointing into the stack for thread: 0x0000000028592800
RCX=0x0000000000000000 is an unknown value
RDX=0x0000000000000000 is an unknown value
RSP=0x000000000010c3d0 is pointing into the stack for thread: 0x0000000028592800
RBP=0x000000000010ca70 is pointing into the stack for thread: 0x0000000028592800
RSI=0x0000000000000000 is an unknown value
RDI=0x000000000010d200 is pointing into the stack for thread: 0x0000000028592800
R8 =0x0000000000000000 is an unknown value
R9 =0x0000000000000000 is an unknown value
R10=0x0000000000000000 is an unknown value
R11=0x0000000000000000 is an unknown value
R12=0x000000000010d818 is pointing into the stack for thread: 0x0000000028592800
R13=0x00007ffe3c276370 is an unknown value
R14=0x000000000010c518 is pointing into the stack for thread: 0x0000000028592800
R15=0x0000000000000000 is an unknown value


Stack: [0x0000000000010000,0x0000000000110000],  sp=0x000000000010c3d0,  free space=1008k
Native frames: (J=compiled Java code, j=interpreted, Vv=VM code, C=native code)
C  [KERNELBASE.dll+0x43b29]
C  [vcruntime140.dll+0x2a10]
C  [ntdll.dll+0xa0c96]
C  [opencv_core412.dll+0x19c7e6]
C  [opencv_imgproc412.dll+0x2723f5]
C  [opencv_imgproc412.dll+0x70d26]
C  [opencv_imgproc412.dll+0x714f7]
C  [opencv_imgproc412.dll+0x4231a]
C  0x00007ffe4dd1b75f
C  0x00000000032086c7

Java frames: (J=compiled Java code, j=interpreted, Vv=VM code)
j  org.bytedeco.opencv.global.opencv_imgproc.cvtColor(Lorg/bytedeco/opencv/opencv_core/Mat;Lorg/bytedeco/opencv/opencv_core/Mat;I)V+0
J 5988 C2 org.datavec.image.loader.NativeImageLoader.transformImage(Lorg/bytedeco/opencv/opencv_core/Mat;Lorg/nd4j/linalg/api/ndarray/INDArray;)Lorg/nd4j/linalg/api/ndarray/INDArray; (455 bytes) @ 0x00000000044bd3a4 [0x00000000044bd020+0x384]
J 5990 C2 org.datavec.image.loader.NativeImageLoader.asMatrixView(Ljava/io/File;Lorg/nd4j/linalg/api/ndarray/INDArray;)V (107 bytes) @ 0x00000000044c1730 [0x00000000044c1240+0x4f0]
J 7128 C2 org.datavec.image.recordreader.BaseImageRecordReader.next(I)Ljava/util/List; (886 bytes) @ 0x0000000003e31530 [0x0000000003e30800+0xd30]
J 7073 C1 org.deeplearning4j.datasets.datavec.RecordReaderMultiDataSetIterator.next(I)Lorg/nd4j/linalg/dataset/api/MultiDataSet; (738 bytes) @ 0x00000000046d3254 [0x00000000046d1500+0x1d54]
J 7072 C1 org.deeplearning4j.datasets.datavec.RecordReaderDataSetIterator.next(I)Lorg/nd4j/linalg/dataset/DataSet; (71 bytes) @ 0x0000000003bcc03c [0x0000000003bcbd60+0x2dc]
J 7070 C1 org.deeplearning4j.datasets.datavec.RecordReaderDataSetIterator.next()Ljava/lang/Object; (5 bytes) @ 0x0000000003662c2c [0x0000000003662b40+0xec]
j  org.nd4j.linalg.dataset.AsyncDataSetIterator$AsyncPrefetchThread.run()V+108
v  ~StubRoutines::call_stub

---------------  P R O C E S S  ---------------

Java Threads: ( => current thread )
=>0x0000000028592800 JavaThread "ADSI prefetch thread" daemon [_thread_in_native, id=7900, stack(0x0000000000010000,0x0000000000110000)]
  0x0000000028591000 JavaThread "DeallocatorServiceThread_1" daemon [_thread_blocked, id=4216, stack(0x0000000000210000,0x0000000000310000)]
  0x0000000028596800 JavaThread "DeallocatorServiceThread_0" daemon [_thread_blocked, id=6448, stack(0x0000000000110000,0x0000000000210000)]
  0x00000000241d0000 JavaThread "JavaCPP Deallocator" daemon [_thread_blocked, id=9060, stack(0x000000005c180000,0x000000005c280000)]
  0x00000000241ca800 JavaThread "vert.x-acceptor-thread-0" [_thread_in_native, id=10632, stack(0x000000002c280000,0x000000002c380000)]
  0x00000000241cd800 JavaThread "vert.x-eventloop-thread-1" [_thread_in_native, id=2776, stack(0x000000002c180000,0x000000002c280000)]
  0x0000000029ec9000 JavaThread "Thread-4" daemon [_thread_blocked, id=10652, stack(0x000000002c080000,0x000000002c180000)]
  0x000000002919b000 JavaThread "vert.x-eventloop-thread-0" [_thread_in_native, id=1712, stack(0x000000002bb80000,0x000000002bc80000)]
  0x0000000029bd6000 JavaThread "Thread-3" daemon [_thread_in_native, id=11128, stack(0x000000002b1b0000,0x000000002b2b0000)]
  0x0000000029a78000 JavaThread "vertx-blocked-thread-checker" daemon [_thread_blocked, id=2524, stack(0x000000002a0d0000,0x000000002a1d0000)]
  0x0000000024243800 JavaThread "Service Thread" daemon [_thread_blocked, id=10524, stack(0x0000000027660000,0x0000000027760000)]
  0x00000000241cc000 JavaThread "C1 CompilerThread11" daemon [_thread_blocked, id=9604, stack(0x0000000027560000,0x0000000027660000)]
  0x00000000241c9000 JavaThread "C1 CompilerThread10" daemon [_thread_blocked, id=8608, stack(0x0000000027460000,0x0000000027560000)]
  0x00000000241cb800 JavaThread "C1 CompilerThread9" daemon [_thread_blocked, id=7652, stack(0x0000000027360000,0x0000000027460000)]
  0x00000000241ce800 JavaThread "C1 CompilerThread8" daemon [_thread_blocked, id=3868, stack(0x0000000027260000,0x0000000027360000)]
  0x00000000241cf000 JavaThread "C2 CompilerThread7" daemon [_thread_blocked, id=5940, stack(0x0000000027160000,0x0000000027260000)]
  0x00000000241ca000 JavaThread "C2 CompilerThread6" daemon [_thread_blocked, id=11200, stack(0x0000000027060000,0x0000000027160000)]
  0x00000000241a0800 JavaThread "C2 CompilerThread5" daemon [_thread_blocked, id=9932, stack(0x0000000026f60000,0x0000000027060000)]
  0x000000002417f800 JavaThread "C2 CompilerThread4" daemon [_thread_blocked, id=9080, stack(0x0000000026e60000,0x0000000026f60000)]
  0x000000002416f000 JavaThread "C2 CompilerThread3" daemon [_thread_blocked, id=11224, stack(0x0000000026c60000,0x0000000026d60000)]
  0x000000002416d000 JavaThread "C2 CompilerThread2" daemon [_thread_blocked, id=6452, stack(0x0000000026b60000,0x0000000026c60000)]
  0x000000002416a800 JavaThread "C2 CompilerThread1" daemon [_thread_blocked, id=10008, stack(0x0000000026a60000,0x0000000026b60000)]
  0x0000000024165800 JavaThread "C2 CompilerThread0" daemon [_thread_blocked, id=1032, stack(0x0000000026960000,0x0000000026a60000)]
  0x0000000024163000 JavaThread "Monitor Ctrl-Break" daemon [_thread_in_native, id=5876, stack(0x0000000026860000,0x0000000026960000)]
  0x0000000024101000 JavaThread "Attach Listener" daemon [_thread_blocked, id=7740, stack(0x0000000026760000,0x0000000026860000)]
  0x0000000024100000 JavaThread "Signal Dispatcher" daemon [_thread_blocked, id=5172, stack(0x0000000026660000,0x0000000026760000)]
  0x00000000240fc000 JavaThread "Finalizer" daemon [_thread_blocked, id=6440, stack(0x0000000026440000,0x0000000026540000)]
  0x00000000240f5800 JavaThread "Reference Handler" daemon [_thread_blocked, id=2168, stack(0x0000000026340000,0x0000000026440000)]
  0x00000000030f2800 JavaThread "main" [_thread_blocked, id=10932, stack(0x0000000002e10000,0x0000000002f10000)]

Other Threads:
  0x0000000022171000 VMThread [stack: 0x0000000026240000,0x0000000026340000] [id=2636]
  0x0000000024244800 WatcherThread [stack: 0x0000000027760000,0x0000000027860000] [id=9844]

VM state:not at safepoint (normal execution)

VM Mutex/Monitor currently owned by a thread: None

heap address: 0x0000000640400000, size: 6140 MB, Compressed Oops mode: Zero based, Oop shift amount: 3
Narrow klass base: 0x0000000000000000, Narrow klass shift: 3
Compressed class space size: 1073741824 Address: 0x00000007c0000000

Heap:
 PSYoungGen      total 43008K, used 12599K [0x0000000740180000, 0x0000000742c80000, 0x00000007c0000000)
  eden space 41984K, 29% used [0x0000000740180000,0x0000000740d6dcf8,0x0000000742a80000)
  from space 1024K, 37% used [0x0000000742a80000,0x0000000742ae0000,0x0000000742b80000)
  to   space 1024K, 0% used [0x0000000742b80000,0x0000000742b80000,0x0000000742c80000)
 ParOldGen       total 196096K, used 80148K [0x0000000640400000, 0x000000064c380000, 0x0000000740180000)
  object space 196096K, 40% used [0x0000000640400000,0x00000006452452d8,0x000000064c380000)
 Metaspace       used 48298K, capacity 49175K, committed 49496K, reserved 1093632K
  class space    used 4933K, capacity 5126K, committed 5248K, reserved 1048576K

Card table byte_map: [0x00000000125b0000,0x00000000131b0000] byte_map_base: 0x000000000f3ae000

Marking Bits: (ParMarkBitMap*) 0x000000005fddbe30
 Begin Bits: [0x0000000014bb0000, 0x000000001aba0000)
 End Bits:   [0x000000001aba0000, 0x0000000020b90000)

Polling page: 0x0000000000bd0000

CodeCache: size=245760Kb used=25300Kb max_used=25313Kb free=220459Kb
 bounds [0x00000000031f0000, 0x0000000004ae0000, 0x00000000121f0000]
 total_blobs=7680 nmethods=6235 adapters=1353
 compilation: enabled

Compilation events (10 events):
Event: 36579.775 Thread 0x00000000241c9000 8299   !   3       org.nd4j.linalg.api.memory.AllocationsTracker::trackerForDevice (74 bytes)
Event: 36579.775 Thread 0x00000000241cc000 8300       3       org.nd4j.linalg.api.memory.DeviceAllocationsTracker::updateState (33 bytes)
Event: 36579.775 Thread 0x00000000241c9000 nmethod 8299 0x0000000004933dd0 code [0x0000000004933f80, 0x00000000049347b8]
Event: 36579.775 Thread 0x00000000241cc000 nmethod 8300 0x0000000003df7850 code [0x0000000003df79e0, 0x0000000003df7ed8]
Event: 36632.768 Thread 0x00000000241ca000 8301   !   4       java.util.concurrent.LinkedBlockingQueue::take (93 bytes)
Event: 36632.798 Thread 0x00000000241ca000 nmethod 8301 0x00000000043be590 code [0x00000000043be800, 0x00000000043bfc48]
Event: 36644.944 Thread 0x00000000241cf000 8302   !   4       sun.reflect.GeneratedSerializationConstructorAccessor1::newInstance (49 bytes)
Event: 36644.946 Thread 0x00000000241cf000 nmethod 8302 0x00000000044a4290 code [0x00000000044a43e0, 0x00000000044a4548]
Event: 36805.809 Thread 0x000000002416a800 8303       4       org.nd4j.linalg.api.ndarray.BaseNDArray::subi (7 bytes)
Event: 36805.816 Thread 0x000000002416a800 nmethod 8303 0x0000000004945f50 code [0x0000000004946120, 0x00000000049467c8]

GC Heap History (10 events):
Event: 36943.635 GC heap before
{Heap before GC invocations=2497 (full 4):
 PSYoungGen      total 43008K, used 42400K [0x0000000740180000, 0x0000000742c80000, 0x00000007c0000000)
  eden space 41984K, 100% used [0x0000000740180000,0x0000000742a80000,0x0000000742a80000)
  from space 1024K, 40% used [0x0000000742b80000,0x0000000742be8000,0x0000000742c80000)
  to   space 1024K, 0% used [0x0000000742a80000,0x0000000742a80000,0x0000000742b80000)
 ParOldGen       total 196096K, used 80132K [0x0000000640400000, 0x000000064c380000, 0x0000000740180000)
  object space 196096K, 40% used [0x0000000640400000,0x00000006452412d8,0x000000064c380000)
 Metaspace       used 48298K, capacity 49175K, committed 49496K, reserved 1093632K
  class space    used 4933K, capacity 5126K, committed 5248K, reserved 1048576K
Event: 36943.639 GC heap after
Heap after GC invocations=2497 (full 4):
 PSYoungGen      total 43008K, used 704K [0x0000000740180000, 0x0000000742c80000, 0x00000007c0000000)
  eden space 41984K, 0% used [0x0000000740180000,0x0000000740180000,0x0000000742a80000)
  from space 1024K, 68% used [0x0000000742a80000,0x0000000742b30000,0x0000000742b80000)
  to   space 1024K, 0% used [0x0000000742b80000,0x0000000742b80000,0x0000000742c80000)
 ParOldGen       total 196096K, used 80132K [0x0000000640400000, 0x000000064c380000, 0x0000000740180000)
  object space 196096K, 40% used [0x0000000640400000,0x00000006452412d8,0x000000064c380000)
 Metaspace       used 48298K, capacity 49175K, committed 49496K, reserved 1093632K
  class space    used 4933K, capacity 5126K, committed 5248K, reserved 1048576K
}
Event: 36951.571 GC heap before
{Heap before GC invocations=2498 (full 4):
 PSYoungGen      total 43008K, used 42688K [0x0000000740180000, 0x0000000742c80000, 0x00000007c0000000)
  eden space 41984K, 100% used [0x0000000740180000,0x0000000742a80000,0x0000000742a80000)
  from space 1024K, 68% used [0x0000000742a80000,0x0000000742b30000,0x0000000742b80000)
  to   space 1024K, 0% used [0x0000000742b80000,0x0000000742b80000,0x0000000742c80000)
 ParOldGen       total 196096K, used 80132K [0x0000000640400000, 0x000000064c380000, 0x0000000740180000)
  object space 196096K, 40% used [0x0000000640400000,0x00000006452412d8,0x000000064c380000)
 Metaspace       used 48298K, capacity 49175K, committed 49496K, reserved 1093632K
  class space    used 4933K, capacity 5126K, committed 5248K, reserved 1048576K
Event: 36951.574 GC heap after
Heap after GC invocations=2498 (full 4):
 PSYoungGen      total 43008K, used 736K [0x0000000740180000, 0x0000000742c80000, 0x00000007c0000000)
  eden space 41984K, 0% used [0x0000000740180000,0x0000000740180000,0x0000000742a80000)
  from space 1024K, 71% used [0x0000000742b80000,0x0000000742c38000,0x0000000742c80000)
  to   space 1024K, 0% used [0x0000000742a80000,0x0000000742a80000,0x0000000742b80000)
 ParOldGen       total 196096K, used 80140K [0x0000000640400000, 0x000000064c380000, 0x0000000740180000)
  object space 196096K, 40% used [0x0000000640400000,0x00000006452432d8,0x000000064c380000)
 Metaspace       used 48298K, capacity 49175K, committed 49496K, reserved 1093632K
  class space    used 4933K, capacity 5126K, committed 5248K, reserved 1048576K
}
Event: 36959.566 GC heap before
{Heap before GC invocations=2499 (full 4):
 PSYoungGen      total 43008K, used 42720K [0x0000000740180000, 0x0000000742c80000, 0x00000007c0000000)
  eden space 41984K, 100% used [0x0000000740180000,0x0000000742a80000,0x0000000742a80000)
  from space 1024K, 71% used [0x0000000742b80000,0x0000000742c38000,0x0000000742c80000)
  to   space 1024K, 0% used [0x0000000742a80000,0x0000000742a80000,0x0000000742b80000)
 ParOldGen       total 196096K, used 80140K [0x0000000640400000, 0x000000064c380000, 0x0000000740180000)
  object space 196096K, 40% used [0x0000000640400000,0x00000006452432d8,0x000000064c380000)
 Metaspace       used 48298K, capacity 49175K, committed 49496K, reserved 1093632K
  class space    used 4933K, capacity 5126K, committed 5248K, reserved 1048576K
Event: 36959.569 GC heap after
Heap after GC invocations=2499 (full 4):
 PSYoungGen      total 43008K, used 434K [0x0000000740180000, 0x0000000742c80000, 0x00000007c0000000)
  eden space 41984K, 0% used [0x0000000740180000,0x0000000740180000,0x0000000742a80000)
  from space 1024K, 42% used [0x0000000742a80000,0x0000000742aecab8,0x0000000742b80000)
  to   space 1024K, 0% used [0x0000000742b80000,0x0000000742b80000,0x0000000742c80000)
 ParOldGen       total 196096K, used 80140K [0x0000000640400000, 0x000000064c380000, 0x0000000740180000)
  object space 196096K, 40% used [0x0000000640400000,0x00000006452432d8,0x000000064c380000)
 Metaspace       used 48298K, capacity 49175K, committed 49496K, reserved 1093632K
  class space    used 4933K, capacity 5126K, committed 5248K, reserved 1048576K
}
Event: 36966.208 GC heap before
{Heap before GC invocations=2500 (full 4):
 PSYoungGen      total 43008K, used 42418K [0x0000000740180000, 0x0000000742c80000, 0x00000007c0000000)
  eden space 41984K, 100% used [0x0000000740180000,0x0000000742a80000,0x0000000742a80000)
  from space 1024K, 42% used [0x0000000742a80000,0x0000000742aecab8,0x0000000742b80000)
  to   space 1024K, 0% used [0x0000000742b80000,0x0000000742b80000,0x0000000742c80000)
 ParOldGen       total 196096K, used 80140K [0x0000000640400000, 0x000000064c380000, 0x0000000740180000)
  object space 196096K, 40% used [0x0000000640400000,0x00000006452432d8,0x000000064c380000)
 Metaspace       used 48298K, capacity 49175K, committed 49496K, reserved 1093632K
  class space    used 4933K, capacity 5126K, committed 5248K, reserved 1048576K
Event: 36966.211 GC heap after
Heap after GC invocations=2500 (full 4):
 PSYoungGen      total 43008K, used 704K [0x0000000740180000, 0x0000000742c80000, 0x00000007c0000000)
  eden space 41984K, 0% used [0x0000000740180000,0x0000000740180000,0x0000000742a80000)
  from space 1024K, 68% used [0x0000000742b80000,0x0000000742c30000,0x0000000742c80000)
  to   space 1024K, 0% used [0x0000000742a80000,0x0000000742a80000,0x0000000742b80000)
 ParOldGen       total 196096K, used 80148K [0x0000000640400000, 0x000000064c380000, 0x0000000740180000)
  object space 196096K, 40% used [0x0000000640400000,0x00000006452452d8,0x000000064c380000)
 Metaspace       used 48298K, capacity 49175K, committed 49496K, reserved 1093632K
  class space    used 4933K, capacity 5126K, committed 5248K, reserved 1048576K
}
Event: 36974.074 GC heap before
{Heap before GC invocations=2501 (full 4):
 PSYoungGen      total 43008K, used 42688K [0x0000000740180000, 0x0000000742c80000, 0x00000007c0000000)
  eden space 41984K, 100% used [0x0000000740180000,0x0000000742a80000,0x0000000742a80000)
  from space 1024K, 68% used [0x0000000742b80000,0x0000000742c30000,0x0000000742c80000)
  to   space 1024K, 0% used [0x0000000742a80000,0x0000000742a80000,0x0000000742b80000)
 ParOldGen       total 196096K, used 80148K [0x0000000640400000, 0x000000064c380000, 0x0000000740180000)
  object space 196096K, 40% used [0x0000000640400000,0x00000006452452d8,0x000000064c380000)
 Metaspace       used 48298K, capacity 49175K, committed 49496K, reserved 1093632K
  class space    used 4933K, capacity 5126K, committed 5248K, reserved 1048576K
Event: 36974.077 GC heap after
Heap after GC invocations=2501 (full 4):
 PSYoungGen      total 43008K, used 384K [0x0000000740180000, 0x0000000742c80000, 0x00000007c0000000)
  eden space 41984K, 0% used [0x0000000740180000,0x0000000740180000,0x0000000742a80000)
  from space 1024K, 37% used [0x0000000742a80000,0x0000000742ae0000,0x0000000742b80000)
  to   space 1024K, 0% used [0x0000000742b80000,0x0000000742b80000,0x0000000742c80000)
 ParOldGen       total 196096K, used 80148K [0x0000000640400000, 0x000000064c380000, 0x0000000740180000)
  object space 196096K, 40% used [0x0000000640400000,0x00000006452452d8,0x000000064c380000)
 Metaspace       used 48298K, capacity 49175K, committed 49496K, reserved 1093632K
  class space    used 4933K, capacity 5126K, committed 5248K, reserved 1048576K
}

Deoptimization events (10 events):
Event: 28307.606 Thread 0x00000000030f2800 Uncommon trap: reason=unstable_if action=reinterpret pc=0x0000000003f0c4c4 method=java.util.concurrent.locks.ReentrantReadWriteLock$Sync.tryWriteLock()Z @ 56
Event: 34620.292 Thread 0x00000000030f2800 Uncommon trap: reason=unstable_if action=reinterpret pc=0x0000000004822a40 method=sun.misc.FloatingDecimal$BinaryToASCIIBuffer.dtoa(IJIZ)V @ 272
Event: 34876.150 Thread 0x00000000030f2800 Uncommon trap: reason=unstable_if action=reinterpret pc=0x000000000413e8f0 method=java.lang.ref.SoftReference.get()Ljava/lang/Object; @ 6
Event: 34876.150 Thread 0x00000000030f2800 Uncommon trap: reason=unstable_if action=reinterpret pc=0x00000000040e5c18 method=java.io.ObjectStreamClass.computeFieldOffsets()V @ 275
Event: 34876.150 Thread 0x00000000030f2800 Uncommon trap: reason=unstable_if action=reinterpret pc=0x0000000003b09374 method=java.io.ObjectStreamClass.getReflector([Ljava/io/ObjectStreamField;Ljava/io/ObjectStreamClass;)Ljava/io/ObjectStreamClass$FieldReflector; @ 6
Event: 34876.150 Thread 0x00000000030f2800 Uncommon trap: reason=unstable_if action=reinterpret pc=0x00000000042165b8 method=java.io.ObjectStreamClass$FieldReflectorKey.<init>(Ljava/lang/Class;[Ljava/io/ObjectStreamField;Ljava/lang/ref/ReferenceQueue;)V @ 8
Event: 34876.151 Thread 0x00000000030f2800 Uncommon trap: reason=unstable_if action=reinterpret pc=0x000000000425e1f4 method=java.lang.ref.SoftReference.get()Ljava/lang/Object; @ 6
Event: 34876.246 Thread 0x00000000030f2800 Uncommon trap: reason=unstable_if action=reinterpret pc=0x0000000003936f68 method=org.mapdb.DataInput2$ByteArray.unpackInt()I @ 37
Event: 34889.862 Thread 0x00000000030f2800 Uncommon trap: reason=bimorphic action=maybe_recompile pc=0x0000000003d54c08 method=org.deeplearning4j.ui.storage.mapdb.MapDBStatsStorage$PersistableSerializer.deserialize(Lorg/mapdb/DataInput2;I)Lorg/deeplearning4j/api/storage/Persistable; @ 97
Event: 34889.862 Thread 0x00000000030f2800 Uncommon trap: reason=unstable_if action=reinterpret pc=0x00000000041afdfc method=java.lang.ref.SoftReference.get()Ljava/lang/Object; @ 6

Classes redefined (0 events):
No events

Internal exceptions (10 events):
Event: 446.476 Thread 0x0000000028593800 Exception <a 'sun/nio/fs/WindowsException'> (0x000000074baf2558) thrown at [C:\ade\jenkins\workspace\8-2-build-windows-amd64-cygwin\jdk8u241\331\hotspot\src\share\vm\prims\jni.cpp, line 710]
Event: 446.477 Thread 0x0000000028593800 Exception <a 'sun/nio/fs/WindowsException'> (0x000000074baf3e50) thrown at [C:\ade\jenkins\workspace\8-2-build-windows-amd64-cygwin\jdk8u241\331\hotspot\src\share\vm\prims\jni.cpp, line 710]
Event: 446.477 Thread 0x0000000028593800 Exception <a 'sun/nio/fs/WindowsException'> (0x000000074baf56c0) thrown at [C:\ade\jenkins\workspace\8-2-build-windows-amd64-cygwin\jdk8u241\331\hotspot\src\share\vm\prims\jni.cpp, line 710]
Event: 446.477 Thread 0x0000000028593800 Exception <a 'sun/nio/fs/WindowsException'> (0x000000074baf6f58) thrown at [C:\ade\jenkins\workspace\8-2-build-windows-amd64-cygwin\jdk8u241\331\hotspot\src\share\vm\prims\jni.cpp, line 710]
Event: 983.017 Thread 0x00000000030f2800 Implicit null exception at 0x00000000040c7c7e to 0x00000000040c7e36
Event: 1009.537 Thread 0x00000000030f2800 Implicit null exception at 0x0000000003eead7a to 0x0000000003eeaebd
Event: 1595.559 Thread 0x000000002919b000 Implicit null exception at 0x000000000372179a to 0x0000000003722125
Event: 9087.778 Thread 0x00000000030f2800 Implicit null exception at 0x000000000475f020 to 0x0000000004766dd5
Event: 34876.150 Thread 0x00000000030f2800 Implicit null exception at 0x000000000413e30e to 0x000000000413e8d1
Event: 34889.862 Thread 0x00000000030f2800 Implicit null exception at 0x00000000041af326 to 0x00000000041afdb5

Events (10 events):
Event: 36943.635 Executing VM operation: ParallelGCFailedAllocation
Event: 36943.639 Executing VM operation: ParallelGCFailedAllocation done
Event: 36951.571 Executing VM operation: ParallelGCFailedAllocation
Event: 36951.574 Executing VM operation: ParallelGCFailedAllocation done
Event: 36959.566 Executing VM operation: ParallelGCFailedAllocation
Event: 36959.569 Executing VM operation: ParallelGCFailedAllocation done
Event: 36966.208 Executing VM operation: ParallelGCFailedAllocation
Event: 36966.212 Executing VM operation: ParallelGCFailedAllocation done
Event: 36974.074 Executing VM operation: ParallelGCFailedAllocation
Event: 36974.077 Executing VM operation: ParallelGCFailedAllocation done


Dynamic libraries:
0x00007ff7ad720000 - 0x00007ff7ad757000 	C:\Program Files\Java\jdk1.8.0_241\bin\java.exe
0x00007ffe8f020000 - 0x00007ffe8f210000 	C:\Windows\SYSTEM32\ntdll.dll
0x00007ffe8e160000 - 0x00007ffe8e212000 	C:\Windows\System32\KERNEL32.DLL
0x00007ffe8cbf0000 - 0x00007ffe8ce95000 	C:\Windows\System32\KERNELBASE.dll
0x00007ffe8d640000 - 0x00007ffe8d6e3000 	C:\Windows\System32\ADVAPI32.dll
0x00007ffe8d5a0000 - 0x00007ffe8d63e000 	C:\Windows\System32\msvcrt.dll
0x00007ffe8e370000 - 0x00007ffe8e407000 	C:\Windows\System32\sechost.dll
0x00007ffe8df90000 - 0x00007ffe8e0b0000 	C:\Windows\System32\RPCRT4.dll
0x00007ffe8d900000 - 0x00007ffe8da94000 	C:\Windows\System32\USER32.dll
0x00007ffe8cbc0000 - 0x00007ffe8cbe1000 	C:\Windows\System32\win32u.dll
0x00007ffe8ee60000 - 0x00007ffe8ee86000 	C:\Windows\System32\GDI32.dll
0x00007ffe8ca20000 - 0x00007ffe8cbb6000 	C:\Windows\System32\gdi32full.dll
0x00007ffe8c7d0000 - 0x00007ffe8c86e000 	C:\Windows\System32\msvcp_win.dll
0x00007ffe8ced0000 - 0x00007ffe8cfca000 	C:\Windows\System32\ucrtbase.dll
0x00007ffe74470000 - 0x00007ffe746f4000 	C:\Windows\WinSxS\amd64_microsoft.windows.common-controls_6595b64144ccf1df_6.0.18362.1198_none_9e820b57e45ad92f\COMCTL32.dll
0x00007ffe8d260000 - 0x00007ffe8d595000 	C:\Windows\System32\combase.dll
0x00007ffe8bfa0000 - 0x00007ffe8c020000 	C:\Windows\System32\bcryptPrimitives.dll
0x00007ffe8d0d0000 - 0x00007ffe8d0fe000 	C:\Windows\System32\IMM32.DLL
0x000000005fe60000 - 0x000000005ff32000 	C:\Program Files\Java\jdk1.8.0_241\jre\bin\msvcr100.dll
0x000000005f5b0000 - 0x000000005fe5c000 	C:\Program Files\Java\jdk1.8.0_241\jre\bin\server\jvm.dll
0x00007ffe8ec40000 - 0x00007ffe8ec48000 	C:\Windows\System32\PSAPI.DLL
0x00007ffe854a0000 - 0x00007ffe854aa000 	C:\Windows\SYSTEM32\VERSION.dll
0x00007ffe77eb0000 - 0x00007ffe77eb9000 	C:\Windows\SYSTEM32\WSOCK32.dll
0x00007ffe897d0000 - 0x00007ffe897f4000 	C:\Windows\SYSTEM32\WINMM.dll
0x00007ffe8ee90000 - 0x00007ffe8eeff000 	C:\Windows\System32\WS2_32.dll
0x00007ffe88b20000 - 0x00007ffe88b4d000 	C:\Windows\SYSTEM32\winmmbase.dll
0x00007ffe8cfd0000 - 0x00007ffe8d01a000 	C:\Windows\System32\cfgmgr32.dll
0x00007ffe88840000 - 0x00007ffe8884f000 	C:\Program Files\Java\jdk1.8.0_241\jre\bin\verify.dll
0x00007ffe88750000 - 0x00007ffe88779000 	C:\Program Files\Java\jdk1.8.0_241\jre\bin\java.dll
0x00007ffe88720000 - 0x00007ffe88743000 	C:\Program Files\Java\jdk1.8.0_241\jre\bin\instrument.dll
0x00007ffe87fd0000 - 0x00007ffe87fe6000 	C:\Program Files\Java\jdk1.8.0_241\jre\bin\zip.dll
0x00007ffe8e410000 - 0x00007ffe8eaf7000 	C:\Windows\System32\SHELL32.dll
0x00007ffe8d850000 - 0x00007ffe8d8f9000 	C:\Windows\System32\shcore.dll
0x00007ffe8c020000 - 0x00007ffe8c7a1000 	C:\Windows\System32\windows.storage.dll
0x00007ffe8bf50000 - 0x00007ffe8bf73000 	C:\Windows\System32\profapi.dll
0x00007ffe8bee0000 - 0x00007ffe8bf2a000 	C:\Windows\System32\powrprof.dll
0x00007ffe8bed0000 - 0x00007ffe8bee0000 	C:\Windows\System32\UMPDC.dll
0x00007ffe8ef60000 - 0x00007ffe8efb2000 	C:\Windows\System32\shlwapi.dll
0x00007ffe8bf30000 - 0x00007ffe8bf41000 	C:\Windows\System32\kernel.appcore.dll
0x00007ffe8c7b0000 - 0x00007ffe8c7c7000 	C:\Windows\System32\cryptsp.dll
0x00007ffe84e60000 - 0x00007ffe84e7a000 	C:\Program Files\JetBrains\IntelliJ IDEA Community Edition 2019.3.5\bin\breakgen64.dll
0x00007ffe84e40000 - 0x00007ffe84e5a000 	C:\Program Files\Java\jdk1.8.0_241\jre\bin\net.dll
0x00007ffe8b720000 - 0x00007ffe8b787000 	C:\Windows\system32\mswsock.dll
0x00007ffe647e0000 - 0x00007ffe647f6000 	C:\Windows\system32\napinsp.dll
0x00007ffe647c0000 - 0x00007ffe647da000 	C:\Windows\system32\pnrpnsp.dll
0x00007ffe8b470000 - 0x00007ffe8b53b000 	C:\Windows\SYSTEM32\DNSAPI.dll
0x00007ffe8d770000 - 0x00007ffe8d778000 	C:\Windows\System32\NSI.dll
0x00007ffe8b430000 - 0x00007ffe8b46a000 	C:\Windows\SYSTEM32\IPHLPAPI.DLL
0x00007ffe647b0000 - 0x00007ffe647be000 	C:\Windows\System32\winrnr.dll
0x00007ffe886f0000 - 0x00007ffe8870c000 	C:\Windows\system32\NLAapi.dll
0x00007ffe86ef0000 - 0x00007ffe86f05000 	C:\Windows\system32\wshbth.dll
0x00007ffe7f170000 - 0x00007ffe7f17a000 	C:\Windows\System32\rasadhlp.dll
0x00007ffe81bc0000 - 0x00007ffe81c37000 	C:\Windows\System32\fwpuclnt.dll
0x00007ffe8cea0000 - 0x00007ffe8cec6000 	C:\Windows\System32\bcrypt.dll
0x00007ffe84e20000 - 0x00007ffe84e32000 	C:\Program Files\Java\jdk1.8.0_241\jre\bin\nio.dll
0x00007ffe8b290000 - 0x00007ffe8b2c3000 	C:\Windows\system32\rsaenh.dll
0x00007ffe8bdb0000 - 0x00007ffe8bdd5000 	C:\Windows\SYSTEM32\USERENV.dll
0x00007ffe8b8f0000 - 0x00007ffe8b8fc000 	C:\Windows\SYSTEM32\CRYPTBASE.dll
0x00007ffe82080000 - 0x00007ffe82096000 	C:\Windows\SYSTEM32\dhcpcsvc6.DLL
0x00007ffe85870000 - 0x00007ffe8588c000 	C:\Windows\SYSTEM32\dhcpcsvc.DLL
0x00007ffe83930000 - 0x00007ffe83aca000 	C:\Program Files\Java\jdk1.8.0_241\jre\bin\awt.dll
0x00007ffe8d780000 - 0x00007ffe8d845000 	C:\Windows\System32\OLEAUT32.dll
0x00007ffe8a030000 - 0x00007ffe8a0bf000 	C:\Windows\SYSTEM32\apphelp.dll
0x00007ffe88710000 - 0x00007ffe8871d000 	C:\Program Files\Java\jdk1.8.0_241\jre\bin\management.dll
0x000000006d7c0000 - 0x000000006f385000 	C:\Users\HP WorkStation\.javacpp\cache\openblas-0.3.7-1.5.2-windows-x86_64.jar\org\bytedeco\openblas\windows-x86_64\libopenblas_nolapack.dll
0x0000000071000000 - 0x0000000071061000 	C:\Users\HP WorkStation\.javacpp\cache\openblas-0.3.7-1.5.2-windows-x86_64.jar\org\bytedeco\openblas\windows-x86_64\jniopenblas_nolapack.dll
0x000000005c620000 - 0x000000005e1e5000 	C:\Users\HP WorkStation\.javacpp\cache\openblas-0.3.7-1.5.2-windows-x86_64.jar\org\bytedeco\openblas\windows-x86_64\libopenblas.dll
0x000000006c240000 - 0x000000006d156000 	C:\Users\HP WorkStation\.javacpp\cache\openblas-0.3.7-1.5.2-windows-x86_64.jar\org\bytedeco\openblas\windows-x86_64\jniopenblas.dll
0x00007ffe3c7d0000 - 0x00007ffe3e69b000 	C:\Program Files\NVIDIA GPU Computing Toolkit\CUDA\v10.2\bin\cublasLt64_10.dll
0x00007ffe35990000 - 0x00007ffe396eb000 	C:\Program Files\NVIDIA GPU Computing Toolkit\CUDA\v10.2\bin\cublas64_10.dll
0x00007ffe2c7f0000 - 0x00007ffe3598f000 	C:\Program Files\NVIDIA GPU Computing Toolkit\CUDA\v10.2\bin\cufft64_10.dll
0x00007ffe838e0000 - 0x00007ffe83922000 	C:\Program Files\NVIDIA GPU Computing Toolkit\CUDA\v10.2\bin\nppc64_10.dll
0x00007ffe3b1d0000 - 0x00007ffe3bc2e000 	C:\Program Files\NVIDIA GPU Computing Toolkit\CUDA\v10.2\bin\nppial64_10.dll
0x00007ffe3c390000 - 0x00007ffe3c7cc000 	C:\Program Files\NVIDIA GPU Computing Toolkit\CUDA\v10.2\bin\nppicc64_10.dll
0x00007ffe4de40000 - 0x00007ffe4df49000 	C:\Program Files\NVIDIA GPU Computing Toolkit\CUDA\v10.2\bin\nppicom64_10.dll
0x00007ffe2c060000 - 0x00007ffe2c7eb000 	C:\Program Files\NVIDIA GPU Computing Toolkit\CUDA\v10.2\bin\nppidei64_10.dll
0x00007ffe29130000 - 0x00007ffe2c05f000 	C:\Program Files\NVIDIA GPU Computing Toolkit\CUDA\v10.2\bin\nppif64_10.dll
0x00007ffe27880000 - 0x00007ffe29122000 	C:\Program Files\NVIDIA GPU Computing Toolkit\CUDA\v10.2\bin\nppig64_10.dll
0x00007ffe27260000 - 0x00007ffe27874000 	C:\Program Files\NVIDIA GPU Computing Toolkit\CUDA\v10.2\bin\nppim64_10.dll
0x00007ffe25fa0000 - 0x00007ffe2725d000 	C:\Program Files\NVIDIA GPU Computing Toolkit\CUDA\v10.2\bin\nppist64_10.dll
0x00007ffe83860000 - 0x00007ffe8389a000 	C:\Program Files\NVIDIA GPU Computing Toolkit\CUDA\v10.2\bin\nppisu64_10.dll
0x00007ffe42a40000 - 0x00007ffe42cfd000 	C:\Program Files\NVIDIA GPU Computing Toolkit\CUDA\v10.2\bin\nppitc64_10.dll
0x00007ffe25710000 - 0x00007ffe25f94000 	C:\Program Files\NVIDIA GPU Computing Toolkit\CUDA\v10.2\bin\npps64_10.dll
0x0000000001550000 - 0x0000000001553000 	C:\Users\HP WorkStation\.javacpp\cache\opencv-4.1.2-1.5.2-windows-x86_64.jar\org\bytedeco\opencv\windows-x86_64\api-ms-win-crt-locale-l1-1-0.dll
0x0000000002de0000 - 0x0000000002de4000 	C:\Users\HP WorkStation\.javacpp\cache\opencv-4.1.2-1.5.2-windows-x86_64.jar\org\bytedeco\opencv\windows-x86_64\api-ms-win-crt-string-l1-1-0.dll
0x0000000002df0000 - 0x0000000002df4000 	C:\Users\HP WorkStation\.javacpp\cache\opencv-4.1.2-1.5.2-windows-x86_64.jar\org\bytedeco\opencv\windows-x86_64\api-ms-win-crt-stdio-l1-1-0.dll
0x000000002a1d0000 - 0x000000002a1d5000 	C:\Users\HP WorkStation\.javacpp\cache\opencv-4.1.2-1.5.2-windows-x86_64.jar\org\bytedeco\opencv\windows-x86_64\api-ms-win-crt-math-l1-1-0.dll
0x000000002b2b0000 - 0x000000002b2b3000 	C:\Users\HP WorkStation\.javacpp\cache\opencv-4.1.2-1.5.2-windows-x86_64.jar\org\bytedeco\opencv\windows-x86_64\api-ms-win-crt-heap-l1-1-0.dll
0x000000002b2c0000 - 0x000000002b2c4000 	C:\Users\HP WorkStation\.javacpp\cache\opencv-4.1.2-1.5.2-windows-x86_64.jar\org\bytedeco\opencv\windows-x86_64\api-ms-win-crt-runtime-l1-1-0.dll
0x000000005c380000 - 0x000000005c384000 	C:\Users\HP WorkStation\.javacpp\cache\opencv-4.1.2-1.5.2-windows-x86_64.jar\org\bytedeco\opencv\windows-x86_64\api-ms-win-crt-convert-l1-1-0.dll
0x000000005c390000 - 0x000000005c393000 	C:\Users\HP WorkStation\.javacpp\cache\opencv-4.1.2-1.5.2-windows-x86_64.jar\org\bytedeco\opencv\windows-x86_64\api-ms-win-crt-environment-l1-1-0.dll
0x000000005c3a0000 - 0x000000005c3a3000 	C:\Users\HP WorkStation\.javacpp\cache\opencv-4.1.2-1.5.2-windows-x86_64.jar\org\bytedeco\opencv\windows-x86_64\api-ms-win-crt-time-l1-1-0.dll
0x000000005c3b0000 - 0x000000005c3b3000 	C:\Users\HP WorkStation\.javacpp\cache\opencv-4.1.2-1.5.2-windows-x86_64.jar\org\bytedeco\opencv\windows-x86_64\api-ms-win-crt-filesystem-l1-1-0.dll
0x000000005c3c0000 - 0x000000005c3c3000 	C:\Users\HP WorkStation\.javacpp\cache\opencv-4.1.2-1.5.2-windows-x86_64.jar\org\bytedeco\opencv\windows-x86_64\api-ms-win-crt-utility-l1-1-0.dll
0x000000005c3d0000 - 0x000000005c3d5000 	C:\Users\HP WorkStation\.javacpp\cache\opencv-4.1.2-1.5.2-windows-x86_64.jar\org\bytedeco\opencv\windows-x86_64\api-ms-win-crt-multibyte-l1-1-0.dll
0x000000005c3f0000 - 0x000000005c3f3000 	C:\Users\HP WorkStation\.javacpp\cache\opencv-4.1.2-1.5.2-windows-x86_64.jar\org\bytedeco\opencv\windows-x86_64\api-ms-win-core-string-l1-1-0.dll
0x000000005c410000 - 0x000000005c413000 	C:\Users\HP WorkStation\.javacpp\cache\opencv-4.1.2-1.5.2-windows-x86_64.jar\org\bytedeco\opencv\windows-x86_64\api-ms-win-core-errorhandling-l1-1-0.dll
0x000000005f4f0000 - 0x000000005f4f3000 	C:\Users\HP WorkStation\.javacpp\cache\opencv-4.1.2-1.5.2-windows-x86_64.jar\org\bytedeco\opencv\windows-x86_64\api-ms-win-core-timezone-l1-1-0.dll
0x000000005f500000 - 0x000000005f504000 	C:\Users\HP WorkStation\.javacpp\cache\opencv-4.1.2-1.5.2-windows-x86_64.jar\org\bytedeco\opencv\windows-x86_64\api-ms-win-core-file-l1-1-0.dll
0x000000005f510000 - 0x000000005f513000 	C:\Users\HP WorkStation\.javacpp\cache\opencv-4.1.2-1.5.2-windows-x86_64.jar\org\bytedeco\opencv\windows-x86_64\api-ms-win-core-namedpipe-l1-1-0.dll
0x000000005f520000 - 0x000000005f523000 	C:\Users\HP WorkStation\.javacpp\cache\opencv-4.1.2-1.5.2-windows-x86_64.jar\org\bytedeco\opencv\windows-x86_64\api-ms-win-core-handle-l1-1-0.dll
0x000000005f530000 - 0x000000005f533000 	C:\Users\HP WorkStation\.javacpp\cache\opencv-4.1.2-1.5.2-windows-x86_64.jar\org\bytedeco\opencv\windows-x86_64\api-ms-win-core-file-l2-1-0.dll
0x000000005f540000 - 0x000000005f543000 	C:\Users\HP WorkStation\.javacpp\cache\opencv-4.1.2-1.5.2-windows-x86_64.jar\org\bytedeco\opencv\windows-x86_64\api-ms-win-core-heap-l1-1-0.dll
0x000000005f550000 - 0x000000005f553000 	C:\Users\HP WorkStation\.javacpp\cache\opencv-4.1.2-1.5.2-windows-x86_64.jar\org\bytedeco\opencv\windows-x86_64\api-ms-win-core-libraryloader-l1-1-0.dll
0x000000005f560000 - 0x000000005f563000 	C:\Users\HP WorkStation\.javacpp\cache\opencv-4.1.2-1.5.2-windows-x86_64.jar\org\bytedeco\opencv\windows-x86_64\api-ms-win-core-synch-l1-1-0.dll
0x000000005f5a0000 - 0x000000005f5a3000 	C:\Users\HP WorkStation\.javacpp\cache\opencv-4.1.2-1.5.2-windows-x86_64.jar\org\bytedeco\opencv\windows-x86_64\api-ms-win-core-processthreads-l1-1-0.dll
0x000000006d260000 - 0x000000006d263000 	C:\Users\HP WorkStation\.javacpp\cache\opencv-4.1.2-1.5.2-windows-x86_64.jar\org\bytedeco\opencv\windows-x86_64\api-ms-win-core-processenvironment-l1-1-0.dll
0x000000006d270000 - 0x000000006d273000 	C:\Users\HP WorkStation\.javacpp\cache\opencv-4.1.2-1.5.2-windows-x86_64.jar\org\bytedeco\opencv\windows-x86_64\api-ms-win-core-datetime-l1-1-0.dll
0x000000006d390000 - 0x000000006d393000 	C:\Users\HP WorkStation\.javacpp\cache\opencv-4.1.2-1.5.2-windows-x86_64.jar\org\bytedeco\opencv\windows-x86_64\api-ms-win-core-localization-l1-2-0.dll
0x000000006d3a0000 - 0x000000006d3a3000 	C:\Users\HP WorkStation\.javacpp\cache\opencv-4.1.2-1.5.2-windows-x86_64.jar\org\bytedeco\opencv\windows-x86_64\api-ms-win-core-sysinfo-l1-1-0.dll
0x000000006d3b0000 - 0x000000006d3b3000 	C:\Users\HP WorkStation\.javacpp\cache\opencv-4.1.2-1.5.2-windows-x86_64.jar\org\bytedeco\opencv\windows-x86_64\api-ms-win-core-synch-l1-2-0.dll
0x000000006d3c0000 - 0x000000006d3c3000 	C:\Users\HP WorkStation\.javacpp\cache\opencv-4.1.2-1.5.2-windows-x86_64.jar\org\bytedeco\opencv\windows-x86_64\api-ms-win-core-console-l1-1-0.dll
0x000000006d4e0000 - 0x000000006d4e3000 	C:\Users\HP WorkStation\.javacpp\cache\opencv-4.1.2-1.5.2-windows-x86_64.jar\org\bytedeco\opencv\windows-x86_64\api-ms-win-core-debug-l1-1-0.dll
0x000000006d4f0000 - 0x000000006d4f3000 	C:\Users\HP WorkStation\.javacpp\cache\opencv-4.1.2-1.5.2-windows-x86_64.jar\org\bytedeco\opencv\windows-x86_64\api-ms-win-core-rtlsupport-l1-1-0.dll
0x000000006d500000 - 0x000000006d503000 	C:\Users\HP WorkStation\.javacpp\cache\opencv-4.1.2-1.5.2-windows-x86_64.jar\org\bytedeco\opencv\windows-x86_64\api-ms-win-core-processthreads-l1-1-1.dll
0x000000006d510000 - 0x000000006d513000 	C:\Users\HP WorkStation\.javacpp\cache\opencv-4.1.2-1.5.2-windows-x86_64.jar\org\bytedeco\opencv\windows-x86_64\api-ms-win-core-file-l1-2-0.dll
0x000000006d520000 - 0x000000006d523000 	C:\Users\HP WorkStation\.javacpp\cache\opencv-4.1.2-1.5.2-windows-x86_64.jar\org\bytedeco\opencv\windows-x86_64\api-ms-win-core-profile-l1-1-0.dll
0x000000006d530000 - 0x000000006d533000 	C:\Users\HP WorkStation\.javacpp\cache\opencv-4.1.2-1.5.2-windows-x86_64.jar\org\bytedeco\opencv\windows-x86_64\api-ms-win-core-memory-l1-1-0.dll
0x000000006d540000 - 0x000000006d543000 	C:\Users\HP WorkStation\.javacpp\cache\opencv-4.1.2-1.5.2-windows-x86_64.jar\org\bytedeco\opencv\windows-x86_64\api-ms-win-core-util-l1-1-0.dll
0x000000006d550000 - 0x000000006d553000 	C:\Users\HP WorkStation\.javacpp\cache\opencv-4.1.2-1.5.2-windows-x86_64.jar\org\bytedeco\opencv\windows-x86_64\api-ms-win-core-interlocked-l1-1-0.dll
0x00007ffe66560000 - 0x00007ffe6665a000 	C:\Users\HP WorkStation\.javacpp\cache\opencv-4.1.2-1.5.2-windows-x86_64.jar\org\bytedeco\opencv\windows-x86_64\ucrtbase.dll
0x00007ffe84df0000 - 0x00007ffe84e07000 	C:\Users\HP WorkStation\.javacpp\cache\opencv-4.1.2-1.5.2-windows-x86_64.jar\org\bytedeco\opencv\windows-x86_64\vcruntime140.dll
0x00007ffe60f90000 - 0x00007ffe6102d000 	C:\Users\HP WorkStation\.javacpp\cache\opencv-4.1.2-1.5.2-windows-x86_64.jar\org\bytedeco\opencv\windows-x86_64\msvcp140.dll
0x00007ffe73e30000 - 0x00007ffe73e81000 	C:\Users\HP WorkStation\.javacpp\cache\opencv-4.1.2-1.5.2-windows-x86_64.jar\org\bytedeco\opencv\windows-x86_64\concrt140.dll
0x00007ffe838b0000 - 0x00007ffe838de000 	C:\Users\HP WorkStation\.javacpp\cache\opencv-4.1.2-1.5.2-windows-x86_64.jar\org\bytedeco\opencv\windows-x86_64\vcomp140.dll
0x00007ffe3bf90000 - 0x00007ffe3c385000 	C:\Users\HP WorkStation\.javacpp\cache\opencv-4.1.2-1.5.2-windows-x86_64.jar\org\bytedeco\opencv\windows-x86_64\opencv_core412.dll
0x00007ffe25110000 - 0x00007ffe25710000 	C:\Users\HP WorkStation\.javacpp\cache\opencv-4.1.2-1.5.2-windows-x86_64.jar\org\bytedeco\opencv\windows-x86_64\opencv_imgproc412.dll
0x00007ffe24df0000 - 0x00007ffe25106000 	C:\Users\HP WorkStation\.javacpp\cache\opencv-4.1.2-1.5.2-windows-x86_64.jar\org\bytedeco\opencv\windows-x86_64\jniopencv_core.dll

VM Arguments:
jvm_args: -javaagent:C:\Program Files\JetBrains\IntelliJ IDEA Community Edition 2019.3.5\lib\idea_rt.jar=49888:C:\Program Files\JetBrains\IntelliJ IDEA Community Edition 2019.3.5\bin -Dfile.encoding=UTF-8 
java_command: com.intellij.rt.execution.CommandLineWrapper C:\Users\HPWORK~1\AppData\Local\Temp\idea_classpath868447256 org.deeplearning4j.examples.convolution.CropClassifier
java_class_path (initial): C:\Program Files\JetBrains\IntelliJ IDEA Community Edition 2019.3.5\lib\idea_rt.jar;C:\Program Files\JetBrains\IntelliJ IDEA Community Edition 2019.3.5\lib\idea_rt.jar
Launcher Type: SUN_STANDARD

Environment Variables:
JAVA_HOME=C:\Program Files\Java\jdk1.8.0_241\bin
PATH=C:\Program Files\NVIDIA GPU Computing Toolkit\CUDA\v10.2\bin;C:\Program Files\NVIDIA GPU Computing Toolkit\CUDA\v10.2\libnvvp;;;C:\Program Files\Common Files\Oracle\Java\javapath;C:\Program Files (x86)\Common Files\Oracle\Java\javapath;C:\Windows\system32;C:\Windows;C:\Windows\System32\Wbem;C:\Windows\System32\WindowsPowerShell\v1.0\;C:\Windows\System32\OpenSSH\;C:\Program Files\Git\cmd;C:\Program Files (x86)\NVIDIA Corporation\PhysX\Common;C:\Program Files\NVIDIA Corporation\NVIDIA NvDLISR;C:\Program Files\NVIDIA Corporation\Nsight Compute 2019.5.0\;C:\Users\HP WorkStation\AppData\Local\Microsoft\WindowsApps;C:\Program Files\Java\jdk-15.0.1\bin;C:\Program Files\JetBrains\IntelliJ IDEA Community Edition 2020.2.3\bin;;C:\Users\HP WorkStation\AppData\Local\GitHubDesktop\bin;C:\Users\HP WorkStation\AppData\Local\Programs\Microsoft VS Code\bin
USERNAME=HP WorkStation
OS=Windows_NT
PROCESSOR_IDENTIFIER=Intel64 Family 6 Model 44 Stepping 2, GenuineIntel



---------------  S Y S T E M  ---------------

OS: Windows 10.0 , 64 bit Build 18362 (10.0.18362.1110)

CPU:total 24 (initial active 24) (6 cores per cpu, 2 threads per core) family 6 model 44 stepping 2, cmov, cx8, fxsr, mmx, sse, sse2, sse3, ssse3, sse4.1, sse4.2, popcnt, aes, clmul, ht, tsc, tscinvbit, tscinv

Memory: 4k page, physical 25148648k(19449828k free), swap 28818664k(17997712k free)

vm_info: Java HotSpot(TM) 64-Bit Server VM (25.241-b07) for windows-amd64 JRE (1.8.0_241-b07), built on Dec 11 2019 10:21:40 by "rejava" with MS VC++ 10.0 (VS2010)

time: Tue Dec 08 09:34:30 2020
timezone: Hora estándar central (México)
elapsed time: 36977 seconds (0d 10h 16m 17s)

